C51 COMPILER V9.01   CODE                                                                  04/10/2020 12:44:24 PAGE 1   


C51 COMPILER V9.01, COMPILATION OF MODULE CODE
OBJECT MODULE PLACED IN code.OBJ
COMPILER INVOKED BY: C:\Keil\C51\BIN\C51.EXE code.c BROWSE DEBUG OBJECTEXTEND

line level    source

   1          #include<reg51.h>
   2          #define stepper P2
   3          sbit sw1=P3^0;
   4          sbit sw2 = P3^1;
   5          void delay(unsigned int);
   6          void clockwise(unsigned int);
   7          void anti_clockwise(unsigned int);
   8          
   9          void main()
  10          {
  11   1      sw1=sw2=0;
  12   1      while(1)
  13   1      {
  14   2              while(sw1)
  15   2              {
  16   3                      clockwise(500);
  17   3                      /*stepper=0x09;
  18   3                      delay(500);
  19   3                      stepper=0x01;
  20   3                      delay(500);
  21   3                      stepper=0x03;
  22   3                      delay(500);
  23   3                      stepper=0x02;
  24   3                      delay(500);
  25   3                      stepper=0x06;
  26   3                      delay(500);
  27   3                      stepper=0x04;
  28   3                      delay(500);
  29   3                      stepper=0x0C;
  30   3                      delay(500);
  31   3                      stepper=0x08;
  32   3                      delay(500);*/
  33   3              }
  34   2              while(sw2)
  35   2              {
  36   3               anti_clockwise(500);
  37   3               /*stepper=0x09;
  38   3               delay(500);
  39   3               stepper=0x08;
  40   3               delay(500);
  41   3               stepper=0x0C;
  42   3               delay(500);
  43   3               stepper=0x04;
  44   3               delay(500);
  45   3               stepper=0x06;
  46   3               delay(500);
  47   3               stepper=0x02;
  48   3               delay(500);
  49   3               stepper=0x03;
  50   3               delay(500);
  51   3               stepper=0x01;
  52   3               delay(500);*/
  53   3              }
  54   2      }       
  55   1      }
C51 COMPILER V9.01   CODE                                                                  04/10/2020 12:44:24 PAGE 2   

  56          void delay(unsigned int x)
  57          {
  58   1              int i;
  59   1              for(i=0;i<x;i++);
  60   1      
  61   1      }
  62          void clockwise(unsigned int y)
  63          {
  64   1                      stepper=0x09;
  65   1                      delay(y);
  66   1                      stepper=0x01;
  67   1                      delay(y);
  68   1                      stepper=0x03;
  69   1                      delay(y);
  70   1                      stepper=0x02;
  71   1                      delay(y);
  72   1                      stepper=0x06;
  73   1                      delay(y);
  74   1                      stepper=0x04;
  75   1                      delay(y);
  76   1                      stepper=0x0C;
  77   1                      delay(y);
  78   1                      stepper=0x08;
  79   1                      delay(y);
  80   1      }
  81          
  82          void anti_clockwise(unsigned int z)
  83          {
  84   1               stepper=0x09;
  85   1               delay(z);
  86   1               stepper=0x08;
  87   1               delay(z);
  88   1               stepper=0x0C;
  89   1               delay(z);
  90   1               stepper=0x04;
  91   1               delay(z);
  92   1               stepper=0x06;
  93   1               delay(z);
  94   1               stepper=0x02;
  95   1               delay(z);
  96   1               stepper=0x03;
  97   1               delay(z);
  98   1               stepper=0x01;
  99   1               delay(z);
 100   1      }


MODULE INFORMATION:   STATIC OVERLAYABLE
   CODE SIZE        =    160    ----
   CONSTANT SIZE    =   ----    ----
   XDATA SIZE       =   ----    ----
   PDATA SIZE       =   ----    ----
   DATA SIZE        =   ----    ----
   IDATA SIZE       =   ----    ----
   BIT SIZE         =   ----    ----
END OF MODULE INFORMATION.


C51 COMPILATION COMPLETE.  0 WARNING(S),  0 ERROR(S)
